     1                                  ;(a-b-b-c)+(a-c-c-d)
     2                                  
     3                                  bits 32 
     4                                  
     5                                  global start        
     6                                  
     7                                  ; declare external functions needed by our program
     8                                  extern exit               ; tell nasm that exit exists even if we won't be defining it
     9                                  import exit msvcrt.dll    ; exit is a function that ends the calling process. It is defined in msvcrt.dll
    10                                                            ; msvcrt.dll contains exit, printf and all the other important C-runtime specific functions
    11                                  
    12                                  ; our data is declared here (the variables needed by our program)
    13                                  segment data use32 class=data
    14                                      ; ...
    15                                      
    16 00000000 0A                          a db 10
    17 00000001 05                          b db 5
    18 00000002 02                          c db 2
    19 00000003 03                          d db 3
    20                                  
    21                                  ; our code starts here
    22                                  segment code use32 class=code
    23                                      start:
    24                                          ; ...
    25                                          
    26 00000000 A0[00000000]                    mov al, [a]
    27 00000005 2A05[01000000]                  sub al, [b]
    28 0000000B 2A05[01000000]                  sub al, [b]
    29 00000011 2A05[02000000]                  sub al, [c]
    30                                          
    31 00000017 88C3                            mov bl, al
    32                                          
    33 00000019 A0[00000000]                    mov al, [a]
    34 0000001E 2A05[02000000]                  sub al, [c]
    35 00000024 2A05[02000000]                  sub al, [c]
    36 0000002A 2A05[03000000]                  sub al, [d]
    37                                          
    38 00000030 28C3                            sub bl, al
    39                                      
    40                                          ; exit(0)
    41 00000032 6A00                            push    dword 0      ; push the parameter for exit onto the stack
    42 00000034 FF15[00000000]                  call    [exit]       ; call exit to terminate the program
